Results of terraform-fmt linter (version 1.4.2)
See documentation on https://megalinter.io/66108018d9c2160896d8cf34d56f341592d23ffd/descriptors/terraform_terraform_fmt/
-----------------------------------------------

✅ [SUCCESS] terraform/environments/apex/data.tf
✅ [SUCCESS] terraform/environments/apex/locals.tf
✅ [SUCCESS] terraform/environments/apex/platform_backend.tf
✅ [SUCCESS] terraform/environments/apex/platform_base_variables.tf
✅ [SUCCESS] terraform/environments/apex/platform_data.tf
✅ [SUCCESS] terraform/environments/apex/platform_locals.tf
✅ [SUCCESS] terraform/environments/apex/platform_providers.tf
✅ [SUCCESS] terraform/environments/apex/platform_secrets.tf
✅ [SUCCESS] terraform/environments/apex/platform_versions.tf
✅ [SUCCESS] terraform/environments/apex/secrets.tf
✅ [SUCCESS] terraform/environments/ccms-ebs/alb.tf
✅ [SUCCESS] terraform/environments/ccms-ebs/athena.tf
✅ [SUCCESS] terraform/environments/ccms-ebs/certs.tf - FIXED
✅ [SUCCESS] terraform/environments/ccms-ebs/cloudwatch.tf
✅ [SUCCESS] terraform/environments/ccms-ebs/data.tf
✅ [SUCCESS] terraform/environments/ccms-ebs/data_lifecycle_manager.tf
✅ [SUCCESS] terraform/environments/ccms-ebs/ec2_ftp.tf
✅ [SUCCESS] terraform/environments/ccms-ebs/ec2_oracle_accessgate.tf
✅ [SUCCESS] terraform/environments/ccms-ebs/ec2_oracle_ebs.tf
✅ [SUCCESS] terraform/environments/ccms-ebs/ec2_oracle_ebs_apps.tf
✅ [SUCCESS] terraform/environments/ccms-ebs/ec2_oracle_webgate.tf
✅ [SUCCESS] terraform/environments/ccms-ebs/iam.tf
✅ [SUCCESS] terraform/environments/ccms-ebs/kms.tf
✅ [SUCCESS] terraform/environments/ccms-ebs/locals.tf
✅ [SUCCESS] terraform/environments/ccms-ebs/modules/cloudwatch.tf
✅ [SUCCESS] terraform/environments/ccms-ebs/modules/cw-ec2/main.tf
✅ [SUCCESS] terraform/environments/ccms-ebs/modules/cw-ec2/variables.tf
✅ [SUCCESS] terraform/environments/ccms-ebs/modules/cw-logs/main.tf
✅ [SUCCESS] terraform/environments/ccms-ebs/modules/cw-logs/output.tf
✅ [SUCCESS] terraform/environments/ccms-ebs/modules/cw-logs/variables.tf
✅ [SUCCESS] terraform/environments/ccms-ebs/platform_backend.tf
✅ [SUCCESS] terraform/environments/ccms-ebs/platform_base_variables.tf
✅ [SUCCESS] terraform/environments/ccms-ebs/platform_data.tf
✅ [SUCCESS] terraform/environments/ccms-ebs/platform_locals.tf
✅ [SUCCESS] terraform/environments/ccms-ebs/platform_providers.tf
✅ [SUCCESS] terraform/environments/ccms-ebs/platform_secrets.tf
✅ [SUCCESS] terraform/environments/ccms-ebs/platform_versions.tf
✅ [SUCCESS] terraform/environments/ccms-ebs/r53.tf
✅ [SUCCESS] terraform/environments/ccms-ebs/s3.tf
✅ [SUCCESS] terraform/environments/ccms-ebs/secrets.tf
✅ [SUCCESS] terraform/environments/ccms-ebs/security_groups.tf
✅ [SUCCESS] terraform/environments/ccms-ebs/sns.tf
✅ [SUCCESS] terraform/environments/cooker/data.tf
✅ [SUCCESS] terraform/environments/cooker/locals.tf
✅ [SUCCESS] terraform/environments/cooker/main.tf
✅ [SUCCESS] terraform/environments/cooker/platform_backend.tf
✅ [SUCCESS] terraform/environments/cooker/platform_base_variables.tf
✅ [SUCCESS] terraform/environments/cooker/platform_data.tf
✅ [SUCCESS] terraform/environments/cooker/platform_locals.tf
✅ [SUCCESS] terraform/environments/cooker/platform_providers.tf
✅ [SUCCESS] terraform/environments/cooker/platform_secrets.tf
✅ [SUCCESS] terraform/environments/cooker/platform_versions.tf
✅ [SUCCESS] terraform/environments/cooker/secrets.tf
✅ [SUCCESS] terraform/environments/data-and-insights-wepi/bastion_linux.tf
✅ [SUCCESS] terraform/environments/data-and-insights-wepi/data.tf
✅ [SUCCESS] terraform/environments/data-and-insights-wepi/glue.tf
✅ [SUCCESS] terraform/environments/data-and-insights-wepi/iam.tf
✅ [SUCCESS] terraform/environments/data-and-insights-wepi/kms.tf
✅ [SUCCESS] terraform/environments/data-and-insights-wepi/locals.tf
✅ [SUCCESS] terraform/environments/data-and-insights-wepi/network.tf
✅ [SUCCESS] terraform/environments/data-and-insights-wepi/platform_backend.tf
✅ [SUCCESS] terraform/environments/data-and-insights-wepi/platform_base_variables.tf
✅ [SUCCESS] terraform/environments/data-and-insights-wepi/platform_data.tf
✅ [SUCCESS] terraform/environments/data-and-insights-wepi/platform_locals.tf
✅ [SUCCESS] terraform/environments/data-and-insights-wepi/platform_providers.tf
✅ [SUCCESS] terraform/environments/data-and-insights-wepi/platform_secrets.tf
✅ [SUCCESS] terraform/environments/data-and-insights-wepi/platform_versions.tf
✅ [SUCCESS] terraform/environments/data-and-insights-wepi/redshift.tf
✅ [SUCCESS] terraform/environments/data-and-insights-wepi/s3.tf
✅ [SUCCESS] terraform/environments/data-and-insights-wepi/secrets.tf
✅ [SUCCESS] terraform/environments/data-platform/data.tf
✅ [SUCCESS] terraform/environments/data-platform/locals.tf
✅ [SUCCESS] terraform/environments/data-platform/platform_backend.tf
✅ [SUCCESS] terraform/environments/data-platform/platform_base_variables.tf
✅ [SUCCESS] terraform/environments/data-platform/platform_data.tf
✅ [SUCCESS] terraform/environments/data-platform/platform_locals.tf
✅ [SUCCESS] terraform/environments/data-platform/platform_providers.tf
✅ [SUCCESS] terraform/environments/data-platform/platform_secrets.tf
✅ [SUCCESS] terraform/environments/data-platform/platform_versions.tf
✅ [SUCCESS] terraform/environments/data-platform/s3.tf
✅ [SUCCESS] terraform/environments/data-platform/secrets.tf
✅ [SUCCESS] terraform/environments/delius-core/alb.tf
✅ [SUCCESS] terraform/environments/delius-core/data.tf
✅ [SUCCESS] terraform/environments/delius-core/ecs_cluster.tf
✅ [SUCCESS] terraform/environments/delius-core/ecs_service_delius_db.tf
✅ [SUCCESS] terraform/environments/delius-core/ecs_service_delius_frontend.tf
✅ [SUCCESS] terraform/environments/delius-core/locals.tf
✅ [SUCCESS] terraform/environments/delius-core/platform_backend.tf
✅ [SUCCESS] terraform/environments/delius-core/platform_base_variables.tf
✅ [SUCCESS] terraform/environments/delius-core/platform_data.tf
✅ [SUCCESS] terraform/environments/delius-core/platform_locals.tf
✅ [SUCCESS] terraform/environments/delius-core/platform_providers.tf
✅ [SUCCESS] terraform/environments/delius-core/platform_secrets.tf
✅ [SUCCESS] terraform/environments/delius-core/platform_versions.tf
✅ [SUCCESS] terraform/environments/delius-core/rds.tf
✅ [SUCCESS] terraform/environments/delius-core/secrets.tf
✅ [SUCCESS] terraform/environments/delius-iaps/ad.tf
✅ [SUCCESS] terraform/environments/delius-iaps/cloudwatch-alarms.tf
✅ [SUCCESS] terraform/environments/delius-iaps/cloudwatch-dashboard.tf
✅ [SUCCESS] terraform/environments/delius-iaps/data.tf
✅ [SUCCESS] terraform/environments/delius-iaps/ec2-iaps-server.tf
✅ [SUCCESS] terraform/environments/delius-iaps/kms.tf
✅ [SUCCESS] terraform/environments/delius-iaps/locals.tf
✅ [SUCCESS] terraform/environments/delius-iaps/platform_backend.tf
✅ [SUCCESS] terraform/environments/delius-iaps/platform_base_variables.tf
✅ [SUCCESS] terraform/environments/delius-iaps/platform_data.tf
✅ [SUCCESS] terraform/environments/delius-iaps/platform_locals.tf
✅ [SUCCESS] terraform/environments/delius-iaps/platform_providers.tf
✅ [SUCCESS] terraform/environments/delius-iaps/platform_secrets.tf
✅ [SUCCESS] terraform/environments/delius-iaps/platform_versions.tf
✅ [SUCCESS] terraform/environments/delius-iaps/rds.tf
✅ [SUCCESS] terraform/environments/delius-iaps/secrets.tf
✅ [SUCCESS] terraform/environments/delius-iaps/ssm.tf
✅ [SUCCESS] terraform/environments/delius-jitbit/bastion_linux.tf
✅ [SUCCESS] terraform/environments/delius-jitbit/data.tf
✅ [SUCCESS] terraform/environments/delius-jitbit/ecs.tf
✅ [SUCCESS] terraform/environments/delius-jitbit/iam.tf
✅ [SUCCESS] terraform/environments/delius-jitbit/lb.tf
✅ [SUCCESS] terraform/environments/delius-jitbit/locals.tf
✅ [SUCCESS] terraform/environments/delius-jitbit/monitoring.tf
✅ [SUCCESS] terraform/environments/delius-jitbit/monitoring_ecs.tf
✅ [SUCCESS] terraform/environments/delius-jitbit/monitoring_rds.tf
✅ [SUCCESS] terraform/environments/delius-jitbit/platform_backend.tf
✅ [SUCCESS] terraform/environments/delius-jitbit/platform_base_variables.tf
✅ [SUCCESS] terraform/environments/delius-jitbit/platform_data.tf
✅ [SUCCESS] terraform/environments/delius-jitbit/platform_locals.tf
✅ [SUCCESS] terraform/environments/delius-jitbit/platform_providers.tf
✅ [SUCCESS] terraform/environments/delius-jitbit/platform_secrets.tf
✅ [SUCCESS] terraform/environments/delius-jitbit/platform_versions.tf
✅ [SUCCESS] terraform/environments/delius-jitbit/rds.tf
✅ [SUCCESS] terraform/environments/delius-jitbit/s3.tf
✅ [SUCCESS] terraform/environments/delius-jitbit/secrets.tf
✅ [SUCCESS] terraform/environments/digital-prison-reporting/data.tf
✅ [SUCCESS] terraform/environments/digital-prison-reporting/kms.tf
✅ [SUCCESS] terraform/environments/digital-prison-reporting/locals.tf
✅ [SUCCESS] terraform/environments/digital-prison-reporting/main.tf
✅ [SUCCESS] terraform/environments/digital-prison-reporting/modules/dms/iam.tf
✅ [SUCCESS] terraform/environments/digital-prison-reporting/modules/dms/main.tf
✅ [SUCCESS] terraform/environments/digital-prison-reporting/modules/dms/outputs.tf
✅ [SUCCESS] terraform/environments/digital-prison-reporting/modules/dms/variables.tf
✅ [SUCCESS] terraform/environments/digital-prison-reporting/modules/ec2/iam.tf
✅ [SUCCESS] terraform/environments/digital-prison-reporting/modules/ec2/main.tf
✅ [SUCCESS] terraform/environments/digital-prison-reporting/modules/ec2/outputs.tf
✅ [SUCCESS] terraform/environments/digital-prison-reporting/modules/ec2/variables.tf
✅ [SUCCESS] terraform/environments/digital-prison-reporting/modules/glue_connection/main.tf
✅ [SUCCESS] terraform/environments/digital-prison-reporting/modules/glue_connection/outputs.tf
✅ [SUCCESS] terraform/environments/digital-prison-reporting/modules/glue_connection/variables.tf
✅ [SUCCESS] terraform/environments/digital-prison-reporting/modules/glue_database/main.tf
✅ [SUCCESS] terraform/environments/digital-prison-reporting/modules/glue_database/outputs.tf
✅ [SUCCESS] terraform/environments/digital-prison-reporting/modules/glue_database/variables.tf
✅ [SUCCESS] terraform/environments/digital-prison-reporting/modules/glue_job/main.tf
✅ [SUCCESS] terraform/environments/digital-prison-reporting/modules/glue_job/outputs.tf
✅ [SUCCESS] terraform/environments/digital-prison-reporting/modules/glue_job/variables.tf
✅ [SUCCESS] terraform/environments/digital-prison-reporting/modules/glue_registry/main.tf
✅ [SUCCESS] terraform/environments/digital-prison-reporting/modules/glue_registry/variables.tf
✅ [SUCCESS] terraform/environments/digital-prison-reporting/modules/glue_table/main.tf
✅ [SUCCESS] terraform/environments/digital-prison-reporting/modules/glue_table/variables.tf
✅ [SUCCESS] terraform/environments/digital-prison-reporting/modules/kinesis_firehose/iam.tf
✅ [SUCCESS] terraform/environments/digital-prison-reporting/modules/kinesis_firehose/main.tf
✅ [SUCCESS] terraform/environments/digital-prison-reporting/modules/kinesis_firehose/variables.tf
✅ [SUCCESS] terraform/environments/digital-prison-reporting/modules/kinesis_stream/main.tf
✅ [SUCCESS] terraform/environments/digital-prison-reporting/modules/kinesis_stream/outputs.tf
✅ [SUCCESS] terraform/environments/digital-prison-reporting/modules/kinesis_stream/variables.tf
✅ [SUCCESS] terraform/environments/digital-prison-reporting/modules/redshift/main.tf
✅ [SUCCESS] terraform/environments/digital-prison-reporting/modules/redshift/outputs.tf
✅ [SUCCESS] terraform/environments/digital-prison-reporting/modules/redshift/variables.tf
✅ [SUCCESS] terraform/environments/digital-prison-reporting/modules/s3_bucket/main.tf
✅ [SUCCESS] terraform/environments/digital-prison-reporting/modules/s3_bucket/outputs.tf
✅ [SUCCESS] terraform/environments/digital-prison-reporting/modules/s3_bucket/variables.tf
✅ [SUCCESS] terraform/environments/digital-prison-reporting/outputs.tf
✅ [SUCCESS] terraform/environments/digital-prison-reporting/platform_backend.tf
✅ [SUCCESS] terraform/environments/digital-prison-reporting/platform_base_variables.tf
✅ [SUCCESS] terraform/environments/digital-prison-reporting/platform_data.tf
✅ [SUCCESS] terraform/environments/digital-prison-reporting/platform_locals.tf
✅ [SUCCESS] terraform/environments/digital-prison-reporting/platform_providers.tf
✅ [SUCCESS] terraform/environments/digital-prison-reporting/platform_secrets.tf
✅ [SUCCESS] terraform/environments/digital-prison-reporting/platform_versions.tf
✅ [SUCCESS] terraform/environments/digital-prison-reporting/policy.tf
✅ [SUCCESS] terraform/environments/digital-prison-reporting/secrets.tf
✅ [SUCCESS] terraform/environments/equip/alb.tf
✅ [SUCCESS] terraform/environments/equip/citrix_adc.tf
✅ [SUCCESS] terraform/environments/equip/data.tf
✅ [SUCCESS] terraform/environments/equip/dlm-snapshot/data.tf
✅ [SUCCESS] terraform/environments/equip/dlm-snapshot/main.tf
✅ [SUCCESS] terraform/environments/equip/dlm-snapshot/variables.tf
✅ [SUCCESS] terraform/environments/equip/dlm-snapshot/versions.tf
✅ [SUCCESS] terraform/environments/equip/dlm.tf
✅ [SUCCESS] terraform/environments/equip/dns.tf
✅ [SUCCESS] terraform/environments/equip/ec2-instance-module/main.tf
✅ [SUCCESS] terraform/environments/equip/ec2-instance-module/outputs.tf
✅ [SUCCESS] terraform/environments/equip/ec2-instance-module/variables.tf
✅ [SUCCESS] terraform/environments/equip/instance_role.tf
✅ [SUCCESS] terraform/environments/equip/instance_userdata.tf
✅ [SUCCESS] terraform/environments/equip/locals.tf
✅ [SUCCESS] terraform/environments/equip/main.tf
✅ [SUCCESS] terraform/environments/equip/monitoring.tf
✅ [SUCCESS] terraform/environments/equip/nacl.tf
✅ [SUCCESS] terraform/environments/equip/platform_backend.tf
✅ [SUCCESS] terraform/environments/equip/platform_base_variables.tf
✅ [SUCCESS] terraform/environments/equip/platform_data.tf
✅ [SUCCESS] terraform/environments/equip/platform_locals.tf
✅ [SUCCESS] terraform/environments/equip/platform_providers.tf
✅ [SUCCESS] terraform/environments/equip/platform_secrets.tf
✅ [SUCCESS] terraform/environments/equip/platform_versions.tf
✅ [SUCCESS] terraform/environments/equip/policy.tf
✅ [SUCCESS] terraform/environments/equip/s3-awslogs.tf
✅ [SUCCESS] terraform/environments/equip/s3-ukcloud-replica.tf
✅ [SUCCESS] terraform/environments/equip/s3.tf
✅ [SUCCESS] terraform/environments/equip/secrets.tf
✅ [SUCCESS] terraform/environments/equip/securitygroup.tf
✅ [SUCCESS] terraform/environments/equip/ses.tf
✅ [SUCCESS] terraform/environments/example/bastion_linux.tf
✅ [SUCCESS] terraform/environments/example/certificates.tf
✅ [SUCCESS] terraform/environments/example/data.tf
✅ [SUCCESS] terraform/environments/example/ec2.tf
✅ [SUCCESS] terraform/environments/example/ecs.tf
✅ [SUCCESS] terraform/environments/example/environment.tf
✅ [SUCCESS] terraform/environments/example/loadbalancer.tf
✅ [SUCCESS] terraform/environments/example/loadbalancer_using_module.tf
✅ [SUCCESS] terraform/environments/example/locals.tf
✅ [SUCCESS] terraform/environments/example/platform_backend.tf
✅ [SUCCESS] terraform/environments/example/platform_base_variables.tf
✅ [SUCCESS] terraform/environments/example/platform_data.tf
✅ [SUCCESS] terraform/environments/example/platform_locals.tf
✅ [SUCCESS] terraform/environments/example/platform_providers.tf
✅ [SUCCESS] terraform/environments/example/platform_secrets.tf
✅ [SUCCESS] terraform/environments/example/platform_versions.tf
✅ [SUCCESS] terraform/environments/example/rds.tf
✅ [SUCCESS] terraform/environments/example/s3.tf
✅ [SUCCESS] terraform/environments/example/secrets.tf
✅ [SUCCESS] terraform/environments/example/volumes.tf
✅ [SUCCESS] terraform/environments/laa-ccms-infra-azure-ad-sso/data.tf
✅ [SUCCESS] terraform/environments/laa-ccms-infra-azure-ad-sso/locals.tf
✅ [SUCCESS] terraform/environments/laa-ccms-infra-azure-ad-sso/platform_backend.tf
✅ [SUCCESS] terraform/environments/laa-ccms-infra-azure-ad-sso/platform_base_variables.tf
✅ [SUCCESS] terraform/environments/laa-ccms-infra-azure-ad-sso/platform_data.tf
✅ [SUCCESS] terraform/environments/laa-ccms-infra-azure-ad-sso/platform_locals.tf
✅ [SUCCESS] terraform/environments/laa-ccms-infra-azure-ad-sso/platform_providers.tf
✅ [SUCCESS] terraform/environments/laa-ccms-infra-azure-ad-sso/platform_secrets.tf
✅ [SUCCESS] terraform/environments/laa-ccms-infra-azure-ad-sso/platform_versions.tf
✅ [SUCCESS] terraform/environments/laa-ccms-infra-azure-ad-sso/secrets.tf
✅ [SUCCESS] terraform/environments/laa-oem/member_certificates.tf
✅ [SUCCESS] terraform/environments/laa-oem/member_data.tf
✅ [SUCCESS] terraform/environments/laa-oem/member_locals.tf
✅ [SUCCESS] terraform/environments/laa-oem/member_secrets.tf
✅ [SUCCESS] terraform/environments/laa-oem/oem_ec2_app.tf
✅ [SUCCESS] terraform/environments/laa-oem/oem_ec2_app_efs.tf
✅ [SUCCESS] terraform/environments/laa-oem/oem_ec2_app_lb.tf
✅ [SUCCESS] terraform/environments/laa-oem/oem_ec2_app_sg.tf
✅ [SUCCESS] terraform/environments/laa-oem/oem_ec2_db.tf
✅ [SUCCESS] terraform/environments/laa-oem/oem_ec2_db_efs.tf
✅ [SUCCESS] terraform/environments/laa-oem/oem_ec2_db_sg.tf
✅ [SUCCESS] terraform/environments/laa-oem/oem_iam.tf
✅ [SUCCESS] terraform/environments/laa-oem/oem_outputs.tf
✅ [SUCCESS] terraform/environments/laa-oem/oem_route53.tf
✅ [SUCCESS] terraform/environments/laa-oem/platform_backend.tf
✅ [SUCCESS] terraform/environments/laa-oem/platform_base_variables.tf
✅ [SUCCESS] terraform/environments/laa-oem/platform_data.tf
✅ [SUCCESS] terraform/environments/laa-oem/platform_locals.tf
✅ [SUCCESS] terraform/environments/laa-oem/platform_providers.tf
✅ [SUCCESS] terraform/environments/laa-oem/platform_secrets.tf
✅ [SUCCESS] terraform/environments/laa-oem/platform_versions.tf
✅ [SUCCESS] terraform/environments/long-term-storage/bastion_linux.tf
✅ [SUCCESS] terraform/environments/long-term-storage/data.tf
✅ [SUCCESS] terraform/environments/long-term-storage/hmpps-intranet.tf
✅ [SUCCESS] terraform/environments/long-term-storage/locals.tf
✅ [SUCCESS] terraform/environments/long-term-storage/platform_backend.tf
✅ [SUCCESS] terraform/environments/long-term-storage/platform_base_variables.tf
✅ [SUCCESS] terraform/environments/long-term-storage/platform_data.tf
✅ [SUCCESS] terraform/environments/long-term-storage/platform_locals.tf
✅ [SUCCESS] terraform/environments/long-term-storage/platform_providers.tf
✅ [SUCCESS] terraform/environments/long-term-storage/platform_secrets.tf
✅ [SUCCESS] terraform/environments/long-term-storage/platform_versions.tf
✅ [SUCCESS] terraform/environments/long-term-storage/secrets.tf
✅ [SUCCESS] terraform/environments/maatdb/data.tf
✅ [SUCCESS] terraform/environments/maatdb/locals.tf
✅ [SUCCESS] terraform/environments/maatdb/modules/rds/rds.tf
✅ [SUCCESS] terraform/environments/maatdb/modules/rds/variables.tf
✅ [SUCCESS] terraform/environments/maatdb/platform_backend.tf
✅ [SUCCESS] terraform/environments/maatdb/platform_base_variables.tf
✅ [SUCCESS] terraform/environments/maatdb/platform_data.tf
✅ [SUCCESS] terraform/environments/maatdb/platform_locals.tf
✅ [SUCCESS] terraform/environments/maatdb/platform_providers.tf
✅ [SUCCESS] terraform/environments/maatdb/platform_secrets.tf
✅ [SUCCESS] terraform/environments/maatdb/platform_versions.tf
✅ [SUCCESS] terraform/environments/maatdb/rds.tf
✅ [SUCCESS] terraform/environments/maatdb/secrets.tf
✅ [SUCCESS] terraform/environments/mlra/alb.tf
✅ [SUCCESS] terraform/environments/mlra/cloudwatch.tf
✅ [SUCCESS] terraform/environments/mlra/codebuild.tf
✅ [SUCCESS] terraform/environments/mlra/data.tf
✅ [SUCCESS] terraform/environments/mlra/ecs.tf
✅ [SUCCESS] terraform/environments/mlra/locals.tf
✅ [SUCCESS] terraform/environments/mlra/modules/alb/main.tf
✅ [SUCCESS] terraform/environments/mlra/modules/alb/outputs.tf
✅ [SUCCESS] terraform/environments/mlra/modules/alb/variables.tf
✅ [SUCCESS] terraform/environments/mlra/modules/alb/versions.tf
✅ [SUCCESS] terraform/environments/mlra/modules/cloudwatch/main.tf
✅ [SUCCESS] terraform/environments/mlra/modules/cloudwatch/outputs.tf
✅ [SUCCESS] terraform/environments/mlra/modules/cloudwatch/variables.tf
✅ [SUCCESS] terraform/environments/mlra/modules/codebuild/main.tf
✅ [SUCCESS] terraform/environments/mlra/modules/codebuild/variables.tf
✅ [SUCCESS] terraform/environments/mlra/modules/ecs/main.tf
✅ [SUCCESS] terraform/environments/mlra/modules/ecs/outputs.tf
✅ [SUCCESS] terraform/environments/mlra/modules/ecs/variables.tf
✅ [SUCCESS] terraform/environments/mlra/modules/ecs/versions.tf
✅ [SUCCESS] terraform/environments/mlra/platform_backend.tf
✅ [SUCCESS] terraform/environments/mlra/platform_base_variables.tf
✅ [SUCCESS] terraform/environments/mlra/platform_data.tf
✅ [SUCCESS] terraform/environments/mlra/platform_locals.tf
✅ [SUCCESS] terraform/environments/mlra/platform_providers.tf
✅ [SUCCESS] terraform/environments/mlra/platform_secrets.tf
✅ [SUCCESS] terraform/environments/mlra/platform_versions.tf
✅ [SUCCESS] terraform/environments/mlra/secrets.tf
✅ [SUCCESS] terraform/environments/nomis-combined-reporting/baseline.tf
✅ [SUCCESS] terraform/environments/nomis-combined-reporting/baseline_presets.tf
✅ [SUCCESS] terraform/environments/nomis-combined-reporting/data.tf
✅ [SUCCESS] terraform/environments/nomis-combined-reporting/environment.tf
✅ [SUCCESS] terraform/environments/nomis-combined-reporting/ip_addresses.tf
✅ [SUCCESS] terraform/environments/nomis-combined-reporting/locals.tf
✅ [SUCCESS] terraform/environments/nomis-combined-reporting/locals_development.tf
✅ [SUCCESS] terraform/environments/nomis-combined-reporting/locals_preproduction.tf
✅ [SUCCESS] terraform/environments/nomis-combined-reporting/locals_production.tf
✅ [SUCCESS] terraform/environments/nomis-combined-reporting/locals_test.tf
✅ [SUCCESS] terraform/environments/nomis-combined-reporting/platform_backend.tf
✅ [SUCCESS] terraform/environments/nomis-combined-reporting/platform_base_variables.tf
✅ [SUCCESS] terraform/environments/nomis-combined-reporting/platform_data.tf
✅ [SUCCESS] terraform/environments/nomis-combined-reporting/platform_locals.tf
✅ [SUCCESS] terraform/environments/nomis-combined-reporting/platform_providers.tf
✅ [SUCCESS] terraform/environments/nomis-combined-reporting/platform_secrets.tf
✅ [SUCCESS] terraform/environments/nomis-combined-reporting/platform_versions.tf
✅ [SUCCESS] terraform/environments/nomis-combined-reporting/s3.tf
✅ [SUCCESS] terraform/environments/nomis-combined-reporting/secrets.tf
✅ [SUCCESS] terraform/environments/nomis-combined-reporting/security_groups.tf
✅ [SUCCESS] terraform/environments/nomis-data-hub/baseline.tf
✅ [SUCCESS] terraform/environments/nomis-data-hub/baseline_presets.tf
✅ [SUCCESS] terraform/environments/nomis-data-hub/data.tf
✅ [SUCCESS] terraform/environments/nomis-data-hub/environment.tf
✅ [SUCCESS] terraform/environments/nomis-data-hub/ip_addresses.tf
✅ [SUCCESS] terraform/environments/nomis-data-hub/locals.tf
✅ [SUCCESS] terraform/environments/nomis-data-hub/locals_development.tf
✅ [SUCCESS] terraform/environments/nomis-data-hub/locals_preproduction.tf
✅ [SUCCESS] terraform/environments/nomis-data-hub/locals_production.tf
✅ [SUCCESS] terraform/environments/nomis-data-hub/locals_test.tf
✅ [SUCCESS] terraform/environments/nomis-data-hub/platform_backend.tf
✅ [SUCCESS] terraform/environments/nomis-data-hub/platform_base_variables.tf
✅ [SUCCESS] terraform/environments/nomis-data-hub/platform_data.tf
✅ [SUCCESS] terraform/environments/nomis-data-hub/platform_locals.tf
✅ [SUCCESS] terraform/environments/nomis-data-hub/platform_providers.tf
✅ [SUCCESS] terraform/environments/nomis-data-hub/platform_secrets.tf
✅ [SUCCESS] terraform/environments/nomis-data-hub/platform_versions.tf
✅ [SUCCESS] terraform/environments/nomis-data-hub/s3.tf
✅ [SUCCESS] terraform/environments/nomis-data-hub/secrets.tf
✅ [SUCCESS] terraform/environments/nomis-data-hub/security_groups.tf
✅ [SUCCESS] terraform/environments/nomis/acm_certificates.tf
✅ [SUCCESS] terraform/environments/nomis/application_variables.tf
✅ [SUCCESS] terraform/environments/nomis/baseline.tf
✅ [SUCCESS] terraform/environments/nomis/baseline_presets.tf
✅ [SUCCESS] terraform/environments/nomis/bastion_linux.tf
✅ [SUCCESS] terraform/environments/nomis/cmk.tf
✅ [SUCCESS] terraform/environments/nomis/data.tf
✅ [SUCCESS] terraform/environments/nomis/ec2-common.tf
✅ [SUCCESS] terraform/environments/nomis/ec2-database.tf
✅ [SUCCESS] terraform/environments/nomis/ec2-image-builder-iam.tf
✅ [SUCCESS] terraform/environments/nomis/ec2-jumpserver.tf
✅ [SUCCESS] terraform/environments/nomis/ec2-test.tf
✅ [SUCCESS] terraform/environments/nomis/ec2-weblogic.tf
✅ [SUCCESS] terraform/environments/nomis/environment.tf
✅ [SUCCESS] terraform/environments/nomis/ip_addresses.tf
✅ [SUCCESS] terraform/environments/nomis/lb-listeners.tf
✅ [SUCCESS] terraform/environments/nomis/locals-acm-certificates.tf
✅ [SUCCESS] terraform/environments/nomis/locals-alerts-linux.tf
✅ [SUCCESS] terraform/environments/nomis/locals-alerts-windows.tf
✅ [SUCCESS] terraform/environments/nomis/locals-development.tf
✅ [SUCCESS] terraform/environments/nomis/locals-preproduction.tf
✅ [SUCCESS] terraform/environments/nomis/locals-production.tf
✅ [SUCCESS] terraform/environments/nomis/locals-security-groups.tf
✅ [SUCCESS] terraform/environments/nomis/locals-test.tf
✅ [SUCCESS] terraform/environments/nomis/locals.tf
✅ [SUCCESS] terraform/environments/nomis/modules/sns_topic/main.tf
✅ [SUCCESS] terraform/environments/nomis/modules/sns_topic/outputs.tf
✅ [SUCCESS] terraform/environments/nomis/modules/sns_topic/variables.tf
✅ [SUCCESS] terraform/environments/nomis/modules/sns_topic/versions.tf
✅ [SUCCESS] terraform/environments/nomis/monitoring-app-insights.tf
✅ [SUCCESS] terraform/environments/nomis/monitoring-dashboard.tf
✅ [SUCCESS] terraform/environments/nomis/monitoring-setup.tf
✅ [SUCCESS] terraform/environments/nomis/outputs.tf
✅ [SUCCESS] terraform/environments/nomis/platform_backend.tf
✅ [SUCCESS] terraform/environments/nomis/platform_base_variables.tf
✅ [SUCCESS] terraform/environments/nomis/platform_data.tf
✅ [SUCCESS] terraform/environments/nomis/platform_locals.tf
✅ [SUCCESS] terraform/environments/nomis/platform_providers.tf
✅ [SUCCESS] terraform/environments/nomis/platform_secrets.tf
✅ [SUCCESS] terraform/environments/nomis/platform_versions.tf
✅ [SUCCESS] terraform/environments/nomis/r53-oracle-manager-dns.tf
✅ [SUCCESS] terraform/environments/nomis/s3.tf
✅ [SUCCESS] terraform/environments/nomis/secrets.tf
✅ [SUCCESS] terraform/environments/nomis/security-groups.tf
✅ [SUCCESS] terraform/environments/nomis/sns.tf
✅ [SUCCESS] terraform/environments/oas/cloudwatch.tf
✅ [SUCCESS] terraform/environments/oas/data.tf
✅ [SUCCESS] terraform/environments/oas/ec2.tf
✅ [SUCCESS] terraform/environments/oas/lambda.tf
✅ [SUCCESS] terraform/environments/oas/locals.tf
✅ [SUCCESS] terraform/environments/oas/modules/cloudwatch/cloudwatch.tf
✅ [SUCCESS] terraform/environments/oas/modules/cloudwatch/variables.tf
✅ [SUCCESS] terraform/environments/oas/modules/rds/rds.tf
✅ [SUCCESS] terraform/environments/oas/modules/rds/variables.tf
✅ [SUCCESS] terraform/environments/oas/modules/rotate_secrets_lambda/main.tf
✅ [SUCCESS] terraform/environments/oas/modules/rotate_secrets_lambda/output.tf
✅ [SUCCESS] terraform/environments/oas/modules/rotate_secrets_lambda/variables.tf
✅ [SUCCESS] terraform/environments/oas/platform_backend.tf
✅ [SUCCESS] terraform/environments/oas/platform_base_variables.tf
✅ [SUCCESS] terraform/environments/oas/platform_data.tf
✅ [SUCCESS] terraform/environments/oas/platform_locals.tf
✅ [SUCCESS] terraform/environments/oas/platform_providers.tf
✅ [SUCCESS] terraform/environments/oas/platform_secrets.tf
✅ [SUCCESS] terraform/environments/oas/platform_versions.tf
✅ [SUCCESS] terraform/environments/oas/rds.tf
✅ [SUCCESS] terraform/environments/oas/weblogic.tf
✅ [SUCCESS] terraform/environments/oasys/cmk.tf
✅ [SUCCESS] terraform/environments/oasys/data.tf
✅ [SUCCESS] terraform/environments/oasys/locals.tf
✅ [SUCCESS] terraform/environments/oasys/locals_development.tf
✅ [SUCCESS] terraform/environments/oasys/locals_preproduction.tf - FIXED
✅ [SUCCESS] terraform/environments/oasys/locals_production.tf
✅ [SUCCESS] terraform/environments/oasys/locals_security_groups.tf
✅ [SUCCESS] terraform/environments/oasys/locals_test.tf
✅ [SUCCESS] terraform/environments/oasys/main.tf
✅ [SUCCESS] terraform/environments/oasys/platform_backend.tf
✅ [SUCCESS] terraform/environments/oasys/platform_base_variables.tf
✅ [SUCCESS] terraform/environments/oasys/platform_data.tf
✅ [SUCCESS] terraform/environments/oasys/platform_locals.tf
✅ [SUCCESS] terraform/environments/oasys/platform_providers.tf
✅ [SUCCESS] terraform/environments/oasys/platform_secrets.tf
✅ [SUCCESS] terraform/environments/oasys/platform_versions.tf
✅ [SUCCESS] terraform/environments/oasys/secrets.tf
✅ [SUCCESS] terraform/environments/oasys/security_groups.tf
✅ [SUCCESS] terraform/environments/performance-hub/bastion_linux.tf
✅ [SUCCESS] terraform/environments/performance-hub/data.tf
✅ [SUCCESS] terraform/environments/performance-hub/database.tf
✅ [SUCCESS] terraform/environments/performance-hub/db_manager.tf
✅ [SUCCESS] terraform/environments/performance-hub/ecs.tf
✅ [SUCCESS] terraform/environments/performance-hub/loadbalancer.tf
✅ [SUCCESS] terraform/environments/performance-hub/locals.tf
✅ [SUCCESS] terraform/environments/performance-hub/module/ecs/main.tf
✅ [SUCCESS] terraform/environments/performance-hub/module/ecs/outputs.tf
✅ [SUCCESS] terraform/environments/performance-hub/module/ecs/variables.tf
✅ [SUCCESS] terraform/environments/performance-hub/module/ecs/versions.tf
✅ [SUCCESS] terraform/environments/performance-hub/monitoring.tf
✅ [SUCCESS] terraform/environments/performance-hub/outputs.tf
✅ [SUCCESS] terraform/environments/performance-hub/platform_backend.tf
✅ [SUCCESS] terraform/environments/performance-hub/platform_base_variables.tf
✅ [SUCCESS] terraform/environments/performance-hub/platform_data.tf
✅ [SUCCESS] terraform/environments/performance-hub/platform_locals.tf
✅ [SUCCESS] terraform/environments/performance-hub/platform_providers.tf
✅ [SUCCESS] terraform/environments/performance-hub/platform_secrets.tf
✅ [SUCCESS] terraform/environments/performance-hub/platform_versions.tf
✅ [SUCCESS] terraform/environments/performance-hub/route53.tf
✅ [SUCCESS] terraform/environments/performance-hub/secrets.tf
✅ [SUCCESS] terraform/environments/portal/data.tf
✅ [SUCCESS] terraform/environments/portal/locals.tf
✅ [SUCCESS] terraform/environments/portal/platform_backend.tf
✅ [SUCCESS] terraform/environments/portal/platform_base_variables.tf
✅ [SUCCESS] terraform/environments/portal/platform_data.tf
✅ [SUCCESS] terraform/environments/portal/platform_locals.tf
✅ [SUCCESS] terraform/environments/portal/platform_providers.tf
✅ [SUCCESS] terraform/environments/portal/platform_secrets.tf
✅ [SUCCESS] terraform/environments/portal/platform_versions.tf
✅ [SUCCESS] terraform/environments/portal/secrets.tf
✅ [SUCCESS] terraform/environments/ppud/ad.tf
✅ [SUCCESS] terraform/environments/ppud/alb_external.tf
✅ [SUCCESS] terraform/environments/ppud/alb_internal.tf
✅ [SUCCESS] terraform/environments/ppud/data.tf
✅ [SUCCESS] terraform/environments/ppud/instances.tf
✅ [SUCCESS] terraform/environments/ppud/locals.tf
✅ [SUCCESS] terraform/environments/ppud/platform_backend.tf
✅ [SUCCESS] terraform/environments/ppud/platform_base_variables.tf
✅ [SUCCESS] terraform/environments/ppud/platform_data.tf
✅ [SUCCESS] terraform/environments/ppud/platform_locals.tf
✅ [SUCCESS] terraform/environments/ppud/platform_providers.tf
✅ [SUCCESS] terraform/environments/ppud/platform_secrets.tf
✅ [SUCCESS] terraform/environments/ppud/platform_versions.tf
✅ [SUCCESS] terraform/environments/ppud/s3.tf
✅ [SUCCESS] terraform/environments/ppud/secrets.tf
✅ [SUCCESS] terraform/environments/ppud/security_group.tf
✅ [SUCCESS] terraform/environments/ppud/ses.tf
✅ [SUCCESS] terraform/environments/ppud/waf.tf
✅ [SUCCESS] terraform/environments/refer-monitor/data.tf
✅ [SUCCESS] terraform/environments/refer-monitor/locals.tf
✅ [SUCCESS] terraform/environments/refer-monitor/platform_backend.tf
✅ [SUCCESS] terraform/environments/refer-monitor/platform_base_variables.tf
✅ [SUCCESS] terraform/environments/refer-monitor/platform_data.tf
✅ [SUCCESS] terraform/environments/refer-monitor/platform_locals.tf
✅ [SUCCESS] terraform/environments/refer-monitor/platform_providers.tf
✅ [SUCCESS] terraform/environments/refer-monitor/platform_secrets.tf
✅ [SUCCESS] terraform/environments/refer-monitor/platform_versions.tf
✅ [SUCCESS] terraform/environments/refer-monitor/secrets.tf
✅ [SUCCESS] terraform/environments/sprinkler/bastion_linux.tf
✅ [SUCCESS] terraform/environments/sprinkler/data.tf
✅ [SUCCESS] terraform/environments/sprinkler/db_manager.tf
✅ [SUCCESS] terraform/environments/sprinkler/kms.tf
✅ [SUCCESS] terraform/environments/sprinkler/locals.tf
✅ [SUCCESS] terraform/environments/sprinkler/main.tf
✅ [SUCCESS] terraform/environments/sprinkler/monitoring.tf
✅ [SUCCESS] terraform/environments/sprinkler/outputs.tf
✅ [SUCCESS] terraform/environments/sprinkler/platform_backend.tf
✅ [SUCCESS] terraform/environments/sprinkler/platform_base_variables.tf
✅ [SUCCESS] terraform/environments/sprinkler/platform_data.tf
✅ [SUCCESS] terraform/environments/sprinkler/platform_locals.tf
✅ [SUCCESS] terraform/environments/sprinkler/platform_providers.tf
✅ [SUCCESS] terraform/environments/sprinkler/platform_secrets.tf
✅ [SUCCESS] terraform/environments/sprinkler/platform_versions.tf
✅ [SUCCESS] terraform/environments/sprinkler/secrets.tf
✅ [SUCCESS] terraform/environments/sprinkler/ssm.tf
✅ [SUCCESS] terraform/environments/tariff/data.tf
✅ [SUCCESS] terraform/environments/tariff/locals.tf
✅ [SUCCESS] terraform/environments/tariff/platform_backend.tf
✅ [SUCCESS] terraform/environments/tariff/platform_base_variables.tf
✅ [SUCCESS] terraform/environments/tariff/platform_data.tf
✅ [SUCCESS] terraform/environments/tariff/platform_locals.tf
✅ [SUCCESS] terraform/environments/tariff/platform_providers.tf
✅ [SUCCESS] terraform/environments/tariff/platform_secrets.tf
✅ [SUCCESS] terraform/environments/tariff/platform_versions.tf
✅ [SUCCESS] terraform/environments/tariff/s3.tf
✅ [SUCCESS] terraform/environments/tariff/secrets.tf
✅ [SUCCESS] terraform/environments/tipstaff/data.tf
✅ [SUCCESS] terraform/environments/tipstaff/dns_ssl.tf
✅ [SUCCESS] terraform/environments/tipstaff/ec2.tf
✅ [SUCCESS] terraform/environments/tipstaff/load_balancer.tf
✅ [SUCCESS] terraform/environments/tipstaff/locals.tf
✅ [SUCCESS] terraform/environments/tipstaff/platform_backend.tf
✅ [SUCCESS] terraform/environments/tipstaff/platform_base_variables.tf
✅ [SUCCESS] terraform/environments/tipstaff/platform_data.tf
✅ [SUCCESS] terraform/environments/tipstaff/platform_locals.tf
✅ [SUCCESS] terraform/environments/tipstaff/platform_providers.tf
✅ [SUCCESS] terraform/environments/tipstaff/platform_secrets.tf
✅ [SUCCESS] terraform/environments/tipstaff/platform_versions.tf
✅ [SUCCESS] terraform/environments/tipstaff/rds.tf
✅ [SUCCESS] terraform/environments/tipstaff/secrets.tf
✅ [SUCCESS] terraform/environments/tribunals/data.tf
✅ [SUCCESS] terraform/environments/tribunals/locals.tf
✅ [SUCCESS] terraform/environments/tribunals/platform_backend.tf
✅ [SUCCESS] terraform/environments/tribunals/platform_base_variables.tf
✅ [SUCCESS] terraform/environments/tribunals/platform_data.tf
✅ [SUCCESS] terraform/environments/tribunals/platform_locals.tf
✅ [SUCCESS] terraform/environments/tribunals/platform_providers.tf
✅ [SUCCESS] terraform/environments/tribunals/platform_secrets.tf
✅ [SUCCESS] terraform/environments/tribunals/platform_versions.tf
✅ [SUCCESS] terraform/environments/tribunals/secrets.tf
✅ [SUCCESS] terraform/environments/xhibit-portal/app-server.tf
✅ [SUCCESS] terraform/environments/xhibit-portal/bastion_linux.tf
✅ [SUCCESS] terraform/environments/xhibit-portal/build-server.tf
✅ [SUCCESS] terraform/environments/xhibit-portal/cjim-server.tf
✅ [SUCCESS] terraform/environments/xhibit-portal/cjip-server.tf
✅ [SUCCESS] terraform/environments/xhibit-portal/cms_key.tf
✅ [SUCCESS] terraform/environments/xhibit-portal/data.tf
✅ [SUCCESS] terraform/environments/xhibit-portal/database-server-baremetal.tf
✅ [SUCCESS] terraform/environments/xhibit-portal/database-server.tf
✅ [SUCCESS] terraform/environments/xhibit-portal/domain-controllers.tf
✅ [SUCCESS] terraform/environments/xhibit-portal/ec2-security.tf
✅ [SUCCESS] terraform/environments/xhibit-portal/exchange-server.tf
✅ [SUCCESS] terraform/environments/xhibit-portal/iisrelay-server.tf
✅ [SUCCESS] terraform/environments/xhibit-portal/importmachine.tf
✅ [SUCCESS] terraform/environments/xhibit-portal/importrole.tf
✅ [SUCCESS] terraform/environments/xhibit-portal/ingestion-load-balancer.tf
✅ [SUCCESS] terraform/environments/xhibit-portal/lambda.tf
✅ [SUCCESS] terraform/environments/xhibit-portal/locals.tf
✅ [SUCCESS] terraform/environments/xhibit-portal/network-infrastructure.tf
✅ [SUCCESS] terraform/environments/xhibit-portal/platform_backend.tf
✅ [SUCCESS] terraform/environments/xhibit-portal/platform_base_variables.tf
✅ [SUCCESS] terraform/environments/xhibit-portal/platform_data.tf
✅ [SUCCESS] terraform/environments/xhibit-portal/platform_locals.tf
✅ [SUCCESS] terraform/environments/xhibit-portal/platform_providers.tf
✅ [SUCCESS] terraform/environments/xhibit-portal/platform_secrets.tf
✅ [SUCCESS] terraform/environments/xhibit-portal/platform_versions.tf
✅ [SUCCESS] terraform/environments/xhibit-portal/portal-server.tf
✅ [SUCCESS] terraform/environments/xhibit-portal/prtg-load-balancer.tf
✅ [SUCCESS] terraform/environments/xhibit-portal/secrets.tf
✅ [SUCCESS] terraform/environments/xhibit-portal/sms-server.tf
✅ [SUCCESS] terraform/environments/xhibit-portal/waf-load-balancer.tf
✅ [SUCCESS] terraform/environments/xhibit-portal/xhibit-portal_variables.tf
✅ [SUCCESS] terraform/environments/xhibit-portal/xp-secrets.tf
✅ [SUCCESS] terraform/modules/acm_certificate/data.tf
✅ [SUCCESS] terraform/modules/acm_certificate/locals.tf
✅ [SUCCESS] terraform/modules/acm_certificate/main.tf
✅ [SUCCESS] terraform/modules/acm_certificate/outputs.tf
✅ [SUCCESS] terraform/modules/acm_certificate/variables.tf
✅ [SUCCESS] terraform/modules/acm_certificate/versions.tf
✅ [SUCCESS] terraform/modules/baseline/acm_certificate.tf
✅ [SUCCESS] terraform/modules/baseline/bastion_linux.tf
✅ [SUCCESS] terraform/modules/baseline/cloudwatch.tf
✅ [SUCCESS] terraform/modules/baseline/ec2_autoscaling_group.tf
✅ [SUCCESS] terraform/modules/baseline/ec2_instance.tf
✅ [SUCCESS] terraform/modules/baseline/iam_policies.tf
✅ [SUCCESS] terraform/modules/baseline/iam_roles.tf
✅ [SUCCESS] terraform/modules/baseline/key_pairs.tf
✅ [SUCCESS] terraform/modules/baseline/kms.tf
✅ [SUCCESS] terraform/modules/baseline/lb.tf
✅ [SUCCESS] terraform/modules/baseline/locals.tf
✅ [SUCCESS] terraform/modules/baseline/outputs.tf
✅ [SUCCESS] terraform/modules/baseline/rds_instance.tf
✅ [SUCCESS] terraform/modules/baseline/route53.tf
✅ [SUCCESS] terraform/modules/baseline/s3_bucket.tf
✅ [SUCCESS] terraform/modules/baseline/security_groups.tf
✅ [SUCCESS] terraform/modules/baseline/variables.tf
✅ [SUCCESS] terraform/modules/baseline/versions.tf
✅ [SUCCESS] terraform/modules/baseline_presets/acm_certificates.tf
✅ [SUCCESS] terraform/modules/baseline_presets/cloudwatch.tf
✅ [SUCCESS] terraform/modules/baseline_presets/ec2_autoscaling_group.tf
✅ [SUCCESS] terraform/modules/baseline_presets/ec2_instance.tf
✅ [SUCCESS] terraform/modules/baseline_presets/iam_policies.tf
✅ [SUCCESS] terraform/modules/baseline_presets/iam_roles.tf
✅ [SUCCESS] terraform/modules/baseline_presets/key_pairs.tf
✅ [SUCCESS] terraform/modules/baseline_presets/kms.tf
✅ [SUCCESS] terraform/modules/baseline_presets/outputs.tf
✅ [SUCCESS] terraform/modules/baseline_presets/rds_instance.tf
✅ [SUCCESS] terraform/modules/baseline_presets/route53.tf
✅ [SUCCESS] terraform/modules/baseline_presets/s3.tf
✅ [SUCCESS] terraform/modules/baseline_presets/variables.tf
✅ [SUCCESS] terraform/modules/baseline_presets/versions.tf
✅ [SUCCESS] terraform/modules/ec2_autoscaling_group/data.tf
✅ [SUCCESS] terraform/modules/ec2_autoscaling_group/locals.tf
✅ [SUCCESS] terraform/modules/ec2_autoscaling_group/main.tf
✅ [SUCCESS] terraform/modules/ec2_autoscaling_group/outputs.tf
✅ [SUCCESS] terraform/modules/ec2_autoscaling_group/variables.tf
✅ [SUCCESS] terraform/modules/ec2_autoscaling_group/versions.tf
✅ [SUCCESS] terraform/modules/ec2_instance/data.tf
✅ [SUCCESS] terraform/modules/ec2_instance/locals.tf
✅ [SUCCESS] terraform/modules/ec2_instance/main.tf
✅ [SUCCESS] terraform/modules/ec2_instance/outputs.tf
✅ [SUCCESS] terraform/modules/ec2_instance/variables.tf
✅ [SUCCESS] terraform/modules/ec2_instance/versions.tf
✅ [SUCCESS] terraform/modules/environment/data.tf
✅ [SUCCESS] terraform/modules/environment/locals.tf
✅ [SUCCESS] terraform/modules/environment/outputs.tf
✅ [SUCCESS] terraform/modules/environment/variables.tf
✅ [SUCCESS] terraform/modules/environment/versions.tf
✅ [SUCCESS] terraform/modules/ip_addresses/azure_fixngo.tf
✅ [SUCCESS] terraform/modules/ip_addresses/azure_nomisapi.tf
✅ [SUCCESS] terraform/modules/ip_addresses/azure_studio_hosting.tf
✅ [SUCCESS] terraform/modules/ip_addresses/moj.tf
✅ [SUCCESS] terraform/modules/ip_addresses/outputs.tf
✅ [SUCCESS] terraform/modules/ip_addresses/versions.tf
✅ [SUCCESS] terraform/modules/lb_listener/data.tf
✅ [SUCCESS] terraform/modules/lb_listener/locals.tf
✅ [SUCCESS] terraform/modules/lb_listener/main.tf
✅ [SUCCESS] terraform/modules/lb_listener/outputs.tf
✅ [SUCCESS] terraform/modules/lb_listener/variables.tf
✅ [SUCCESS] terraform/modules/lb_listener/versions.tf
✅ [SUCCESS] terraform/modules/rds_instance/data.tf
✅ [SUCCESS] terraform/modules/rds_instance/locals.tf
✅ [SUCCESS] terraform/modules/rds_instance/main.tf
✅ [SUCCESS] terraform/modules/rds_instance/outputs.tf
✅ [SUCCESS] terraform/modules/rds_instance/variables.tf
✅ [SUCCESS] terraform/modules/rds_instance/versions.tf
