Results of markdownlint linter (version 0.33.0)
See documentation on https://megalinter.io/66108018d9c2160896d8cf34d56f341592d23ffd/descriptors/markdown_markdownlint/
-----------------------------------------------

❌ [ERROR] for workspace /github/workspace
Linter raw log:
/github/workspace/README.md:3:401 MD013/line-length Line length [Expected: 400; Actual: 481]
/github/workspace/scripts/minimise-comments/README.md:1 MD041/first-line-heading/first-line-h1 First line in a file should be a top-level heading [Context: "Script for hiding comments in ..."]
/github/workspace/scripts/minimise-comments/README.md:5 MD040/fenced-code-language Fenced code blocks should have a language specified [Context: "```"]
/github/workspace/scripts/minimise-comments/README.md:14 MD040/fenced-code-language Fenced code blocks should have a language specified [Context: "```"]
/github/workspace/terraform/environments/delius-iaps/.ssh/README.md:1 MD041/first-line-heading/first-line-h1 First line in a file should be a top-level heading [Context: "Each environment has its own p..."]
/github/workspace/terraform/environments/delius-iaps/.ssh/README.md:6 MD040/fenced-code-language Fenced code blocks should have a language specified [Context: "```"]
/github/workspace/terraform/environments/mlra/modules/alb/README.md:1 MD041/first-line-heading/first-line-h1 First line in a file should be a top-level heading [Context: "This `alb` local Terraform mod..."]
/github/workspace/terraform/environments/mlra/modules/alb/README.md:5:401 MD013/line-length Line length [Expected: 400; Actual: 501]
/github/workspace/terraform/environments/mlra/modules/alb/README.md:13 MD040/fenced-code-language Fenced code blocks should have a language specified [Context: "```"]
/github/workspace/terraform/environments/mlra/modules/alb/README.md:128:401 MD013/line-length Line length [Expected: 400; Actual: 419]
/github/workspace/terraform/environments/mlra/modules/alb/README.md:129:401 MD013/line-length Line length [Expected: 400; Actual: 423]
/github/workspace/terraform/environments/mlra/modules/alb/README.md:149 MD024/no-duplicate-heading/no-duplicate-header Multiple headings with the same content [Context: "## Requirements"]
/github/workspace/terraform/environments/mlra/modules/alb/README.md:156 MD024/no-duplicate-heading/no-duplicate-header Multiple headings with the same content [Context: "## Providers"]
/github/workspace/terraform/environments/mlra/modules/alb/README.md:162 MD024/no-duplicate-heading/no-duplicate-header Multiple headings with the same content [Context: "## Modules"]
/github/workspace/terraform/environments/mlra/modules/alb/README.md:168 MD024/no-duplicate-heading/no-duplicate-header Multiple headings with the same content [Context: "## Resources"]
/github/workspace/terraform/environments/mlra/modules/alb/README.md:181 MD024/no-duplicate-heading/no-duplicate-header Multiple headings with the same content [Context: "## Inputs"]
/github/workspace/terraform/environments/mlra/modules/alb/README.md:192:401 MD013/line-length Line length [Expected: 400; Actual: 419]
/github/workspace/terraform/environments/mlra/modules/alb/README.md:193:401 MD013/line-length Line length [Expected: 400; Actual: 423]
/github/workspace/terraform/environments/mlra/modules/alb/README.md:199 MD024/no-duplicate-heading/no-duplicate-header Multiple headings with the same content [Context: "## Outputs"]
/github/workspace/terraform/environments/mlra/modules/ecs/README.md:1 MD041/first-line-heading/first-line-h1 First line in a file should be a top-level heading [Context: "This `ecs` local Terraform mod..."]
/github/workspace/terraform/environments/mlra/modules/ecs/README.md:5:401 MD013/line-length Line length [Expected: 400; Actual: 483]
/github/workspace/terraform/environments/mlra/modules/ecs/README.md:96:401 MD013/line-length Line length [Expected: 400; Actual: 431]
/github/workspace/terraform/environments/mlra/modules/ecs/README.md:97:401 MD013/line-length Line length [Expected: 400; Actual: 431]
/github/workspace/terraform/environments/mlra/modules/ecs/README.md:98:401 MD013/line-length Line length [Expected: 400; Actual: 431]
/github/workspace/terraform/environments/mlra/modules/ecs/README.md:99:401 MD013/line-length Line length [Expected: 400; Actual: 431]
/github/workspace/terraform/environments/mlra/modules/ecs/README.md:100:401 MD013/line-length Line length [Expected: 400; Actual: 431]
/github/workspace/terraform/environments/mlra/modules/ecs/README.md:101:401 MD013/line-length Line length [Expected: 400; Actual: 431]
/github/workspace/terraform/environments/mlra/modules/ecs/README.md:102:401 MD013/line-length Line length [Expected: 400; Actual: 431]
/github/workspace/terraform/environments/mlra/modules/ecs/README.md:103:401 MD013/line-length Line length [Expected: 400; Actual: 431]
/github/workspace/terraform/environments/mlra/modules/ecs/README.md:104:401 MD013/line-length Line length [Expected: 400; Actual: 431]
/github/workspace/terraform/environments/mlra/modules/ecs/README.md:105:401 MD013/line-length Line length [Expected: 400; Actual: 431]
/github/workspace/terraform/environments/mlra/modules/ecs/README.md:106:401 MD013/line-length Line length [Expected: 400; Actual: 431]
/github/workspace/terraform/environments/mlra/modules/ecs/README.md:107:401 MD013/line-length Line length [Expected: 400; Actual: 431]
/github/workspace/terraform/environments/mlra/modules/ecs/README.md:108:401 MD013/line-length Line length [Expected: 400; Actual: 431]
/github/workspace/terraform/environments/mlra/modules/ecs/README.md:109:401 MD013/line-length Line length [Expected: 400; Actual: 431]
/github/workspace/terraform/environments/mlra/modules/ecs/README.md:110:401 MD013/line-length Line length [Expected: 400; Actual: 431]
/github/workspace/terraform/environments/mlra/modules/ecs/README.md:111:401 MD013/line-length Line length [Expected: 400; Actual: 431]
/github/workspace/terraform/environments/mlra/modules/ecs/README.md:112:401 MD013/line-length Line length [Expected: 400; Actual: 431]
/github/workspace/terraform/environments/mlra/modules/ecs/README.md:113:401 MD013/line-length Line length [Expected: 400; Actual: 431]
/github/workspace/terraform/environments/mlra/modules/ecs/README.md:114:401 MD013/line-length Line length [Expected: 400; Actual: 431]
/github/workspace/terraform/environments/mlra/modules/ecs/README.md:115:401 MD013/line-length Line length [Expected: 400; Actual: 431]
/github/workspace/terraform/environments/mlra/modules/ecs/README.md:116:401 MD013/line-length Line length [Expected: 400; Actual: 431]
/github/workspace/terraform/environments/mlra/modules/ecs/README.md:117:401 MD013/line-length Line length [Expected: 400; Actual: 431]
/github/workspace/terraform/environments/mlra/modules/ecs/README.md:118:401 MD013/line-length Line length [Expected: 400; Actual: 431]
/github/workspace/terraform/environments/mlra/modules/ecs/README.md:119:401 MD013/line-length Line length [Expected: 400; Actual: 431]
/github/workspace/terraform/environments/mlra/modules/ecs/README.md:120:401 MD013/line-length Line length [Expected: 400; Actual: 431]
/github/workspace/terraform/environments/mlra/modules/ecs/README.md:121:401 MD013/line-length Line length [Expected: 400; Actual: 431]
/github/workspace/terraform/environments/nomis-combined-reporting/.ssh/README.md:1 MD041/first-line-heading/first-line-h1 First line in a file should be a top-level heading [Context: "Each environment has its own p..."]
/github/workspace/terraform/environments/nomis-combined-reporting/.ssh/README.md:6 MD040/fenced-code-language Fenced code blocks should have a language specified [Context: "```"]
/github/workspace/terraform/environments/nomis-data-hub/.ssh/README.md:1 MD041/first-line-heading/first-line-h1 First line in a file should be a top-level heading [Context: "Each environment has its own p..."]
/github/workspace/terraform/environments/nomis-data-hub/.ssh/README.md:6 MD040/fenced-code-language Fenced code blocks should have a language specified [Context: "```"]
/github/workspace/terraform/environments/nomis/.ssh/README.md:1 MD041/first-line-heading/first-line-h1 First line in a file should be a top-level heading [Context: "Each environment has its own p..."]
/github/workspace/terraform/environments/nomis/.ssh/README.md:6 MD040/fenced-code-language Fenced code blocks should have a language specified [Context: "```"]
/github/workspace/terraform/environments/nomis/README.md:42 MD025/single-title/single-h1 Multiple top-level headings in the same document [Context: "# ask-digital-studio-ops"]
/github/workspace/terraform/environments/nomis/README.md:48 MD001/heading-increment/header-increment Heading levels should only increment by one level at a time [Expected: h2; Actual: h3]
/github/workspace/terraform/environments/oasys/.ssh/README.md:1 MD041/first-line-heading/first-line-h1 First line in a file should be a top-level heading [Context: "Each environment has its own p..."]
/github/workspace/terraform/environments/oasys/.ssh/README.md:6 MD040/fenced-code-language Fenced code blocks should have a language specified [Context: "```"]
/github/workspace/terraform/modules/acm_certificate/README.md:1 MD041/first-line-heading/first-line-h1 First line in a file should be a top-level heading [Context: "Create an AWS ACM certificate ..."]
/github/workspace/terraform/modules/acm_certificate/README.md:8 MD040/fenced-code-language Fenced code blocks should have a language specified [Context: "```"]
/github/workspace/terraform/modules/acm_certificate/README.md:59 MD040/fenced-code-language Fenced code blocks should have a language specified [Context: "```"]
/github/workspace/terraform/modules/baseline_presets/README.md:1 MD041/first-line-heading/first-line-h1 First line in a file should be a top-level heading [Context: "Preset configuration that can ..."]
/github/workspace/terraform/modules/ec2_instance/README.md:13 MD040/fenced-code-language Fenced code blocks should have a language specified [Context: "```"]
/github/workspace/terraform/modules/ec2_instance/README.md:24 MD040/fenced-code-language Fenced code blocks should have a language specified [Context: "```"]
/github/workspace/terraform/modules/ec2_instance/README.md:38 MD040/fenced-code-language Fenced code blocks should have a language specified [Context: "```"]
/github/workspace/terraform/modules/environment/README.md:22 MD040/fenced-code-language Fenced code blocks should have a language specified [Context: "```"]
/github/workspace/terraform/modules/lb_listener/README.md:1 MD041/first-line-heading/first-line-h1 First line in a file should be a top-level heading [Context: "Create an `aws_lb_listener` wi..."]
/github/workspace/terraform/modules/lb_listener/README.md:17 MD040/fenced-code-language Fenced code blocks should have a language specified [Context: "```"]

